The system is: Linux - 6.6.26-1.red80.x86_64 - x86_64
Compiling the C compiler identification source file "CMakeCCompilerId.c" succeeded.
Compiler: /usr/lib64/ccache/cc 
Build flags: 
Id flags:  

The output was:
0


Compilation of the C compiler identification source "CMakeCCompilerId.c" produced "a.out"

The C compiler identification is GNU, found in "/home/user/project/GromovStudy/DZ_7/build/CMakeFiles/3.25.1/CompilerIdC/a.out"

Compiling the CXX compiler identification source file "CMakeCXXCompilerId.cpp" succeeded.
Compiler: /usr/lib64/ccache/c++ 
Build flags: 
Id flags:  

The output was:
0


Compilation of the CXX compiler identification source "CMakeCXXCompilerId.cpp" produced "a.out"

The CXX compiler identification is GNU, found in "/home/user/project/GromovStudy/DZ_7/build/CMakeFiles/3.25.1/CompilerIdCXX/a.out"

Detecting C compiler ABI info compiled with the following output:
Change Dir: /home/user/project/GromovStudy/DZ_7/build/CMakeFiles/CMakeScratch/TryCompile-3FTC7C

Run Build Command(s):/usr/bin/gmake -f Makefile cmTC_e5d41/fast && /usr/bin/gmake  -f CMakeFiles/cmTC_e5d41.dir/build.make CMakeFiles/cmTC_e5d41.dir/build
gmake[1]: Entering directory '/home/user/project/GromovStudy/DZ_7/build/CMakeFiles/CMakeScratch/TryCompile-3FTC7C'
Building C object CMakeFiles/cmTC_e5d41.dir/CMakeCCompilerABI.c.o
/usr/lib64/ccache/cc   -v -o CMakeFiles/cmTC_e5d41.dir/CMakeCCompilerABI.c.o -c /usr/share/cmake/Modules/CMakeCCompilerABI.c
Using built-in specs.
COLLECT_GCC=/usr/bin/cc
OFFLOAD_TARGET_NAMES=nvptx-none
OFFLOAD_TARGET_DEFAULT=1
Target: x86_64-redsoft-linux
Configured with: ../configure --enable-bootstrap --enable-languages=c,c++,fortran,objc,obj-c++,ada,go,d,lto --prefix=/usr --mandir=/usr/share/man --infodir=/usr/share/info --with-bugurl=http://bugzilla.redhat.com/bugzilla --enable-shared --enable-threads=posix --enable-checking=release --enable-multilib --with-system-zlib --enable-__cxa_atexit --disable-libunwind-exceptions --enable-gnu-unique-object --enable-linker-build-id --with-gcc-major-version-only --enable-libstdcxx-backtrace --with-linker-hash-style=gnu --enable-plugin --enable-initfini-array --with-isl=/builddir/build/BUILD/gcc-12.2.1-20221121/obj-x86_64-redsoft-linux/isl-install --enable-offload-targets=nvptx-none --without-cuda-driver --enable-offload-defaulted --enable-gnu-indirect-function --enable-cet --with-tune=generic --with-arch_32=i686 --build=x86_64-redsoft-linux --with-build-config=bootstrap-lto --enable-link-serialization=1
Thread model: posix
Supported LTO compression algorithms: zlib zstd
gcc version 12.2.1 20221121 (RED SOFT 12.2.1-3) (GCC) 
COLLECT_GCC_OPTIONS='-fdiagnostics-color=always' '-v' '-c' '-o' 'CMakeFiles/cmTC_c78ef.dir/CMakeCCompilerABI.c.o' '-mtune=generic' '-march=x86-64' '-dumpdir' 'CMakeFiles/cmTC_c78ef.dir/'
 /usr/libexec/gcc/x86_64-redsoft-linux/12/cc1 -quiet -v /usr/share/cmake/Modules/CMakeCCompilerABI.c -quiet -dumpdir CMakeFiles/cmTC_c78ef.dir/ -dumpbase CMakeCCompilerABI.c.c -dumpbase-ext .c -mtune=generic -march=x86-64 -version -fdiagnostics-color=always -o /tmp/ccDkhn96.s
GNU C17 (GCC) version 12.2.1 20221121 (RED SOFT 12.2.1-3) (x86_64-redsoft-linux)
	compiled by GNU C version 12.2.1 20221121 (RED SOFT 12.2.1-3), GMP version 6.2.1, MPFR version 4.1.0-p13, MPC version 1.2.1, isl version isl-0.24-GMP

GGC heuristics: --param ggc-min-expand=100 --param ggc-min-heapsize=131072
ignoring nonexistent directory "/usr/lib/gcc/x86_64-redsoft-linux/12/include-fixed"
ignoring nonexistent directory "/usr/lib/gcc/x86_64-redsoft-linux/12/../../../../x86_64-redsoft-linux/include"
#include "..." search starts here:
#include <...> search starts here:
 /usr/lib/gcc/x86_64-redsoft-linux/12/include
 /usr/local/include
 /usr/include
End of search list.
GNU C17 (GCC) version 12.2.1 20221121 (RED SOFT 12.2.1-3) (x86_64-redsoft-linux)
	compiled by GNU C version 12.2.1 20221121 (RED SOFT 12.2.1-3), GMP version 6.2.1, MPFR version 4.1.0-p13, MPC version 1.2.1, isl version isl-0.24-GMP

GGC heuristics: --param ggc-min-expand=100 --param ggc-min-heapsize=131072
Compiler executable checksum: ad3e9706675f5e40ff998da1ae060691
COLLECT_GCC_OPTIONS='-fdiagnostics-color=always' '-v' '-c' '-o' 'CMakeFiles/cmTC_c78ef.dir/CMakeCCompilerABI.c.o' '-mtune=generic' '-march=x86-64' '-dumpdir' 'CMakeFiles/cmTC_c78ef.dir/'
 as -v --64 -o CMakeFiles/cmTC_c78ef.dir/CMakeCCompilerABI.c.o /tmp/ccDkhn96.s
GNU assembler version 2.39 (x86_64-redsoft-linux) using BFD version version 2.39-2.red80
COMPILER_PATH=/usr/libexec/gcc/x86_64-redsoft-linux/12/:/usr/libexec/gcc/x86_64-redsoft-linux/12/:/usr/libexec/gcc/x86_64-redsoft-linux/:/usr/lib/gcc/x86_64-redsoft-linux/12/:/usr/lib/gcc/x86_64-redsoft-linux/
LIBRARY_PATH=/usr/lib/gcc/x86_64-redsoft-linux/12/:/usr/lib/gcc/x86_64-redsoft-linux/12/../../../../lib64/:/lib/../lib64/:/usr/lib/../lib64/:/usr/lib/gcc/x86_64-redsoft-linux/12/../../../:/lib/:/usr/lib/
COLLECT_GCC_OPTIONS='-fdiagnostics-color=always' '-v' '-c' '-o' 'CMakeFiles/cmTC_c78ef.dir/CMakeCCompilerABI.c.o' '-mtune=generic' '-march=x86-64' '-dumpdir' 'CMakeFiles/cmTC_c78ef.dir/CMakeCCompilerABI.c.'
Linking C executable cmTC_e5d41
/usr/bin/cmake -E cmake_link_script CMakeFiles/cmTC_e5d41.dir/link.txt --verbose=1
/usr/lib64/ccache/cc  -v CMakeFiles/cmTC_e5d41.dir/CMakeCCompilerABI.c.o -o cmTC_e5d41 
Using built-in specs.
COLLECT_GCC=/usr/bin/cc
COLLECT_LTO_WRAPPER=/usr/libexec/gcc/x86_64-redsoft-linux/12/lto-wrapper
OFFLOAD_TARGET_NAMES=nvptx-none
OFFLOAD_TARGET_DEFAULT=1
Target: x86_64-redsoft-linux
Configured with: ../configure --enable-bootstrap --enable-languages=c,c++,fortran,objc,obj-c++,ada,go,d,lto --prefix=/usr --mandir=/usr/share/man --infodir=/usr/share/info --with-bugurl=http://bugzilla.redhat.com/bugzilla --enable-shared --enable-threads=posix --enable-checking=release --enable-multilib --with-system-zlib --enable-__cxa_atexit --disable-libunwind-exceptions --enable-gnu-unique-object --enable-linker-build-id --with-gcc-major-version-only --enable-libstdcxx-backtrace --with-linker-hash-style=gnu --enable-plugin --enable-initfini-array --with-isl=/builddir/build/BUILD/gcc-12.2.1-20221121/obj-x86_64-redsoft-linux/isl-install --enable-offload-targets=nvptx-none --without-cuda-driver --enable-offload-defaulted --enable-gnu-indirect-function --enable-cet --with-tune=generic --with-arch_32=i686 --build=x86_64-redsoft-linux --with-build-config=bootstrap-lto --enable-link-serialization=1
Thread model: posix
Supported LTO compression algorithms: zlib zstd
gcc version 12.2.1 20221121 (RED SOFT 12.2.1-3) (GCC) 
COMPILER_PATH=/usr/libexec/gcc/x86_64-redsoft-linux/12/:/usr/libexec/gcc/x86_64-redsoft-linux/12/:/usr/libexec/gcc/x86_64-redsoft-linux/:/usr/lib/gcc/x86_64-redsoft-linux/12/:/usr/lib/gcc/x86_64-redsoft-linux/
LIBRARY_PATH=/usr/lib/gcc/x86_64-redsoft-linux/12/:/usr/lib/gcc/x86_64-redsoft-linux/12/../../../../lib64/:/lib/../lib64/:/usr/lib/../lib64/:/usr/lib/gcc/x86_64-redsoft-linux/12/../../../:/lib/:/usr/lib/
COLLECT_GCC_OPTIONS='-v' '-o' 'cmTC_e5d41' '-mtune=generic' '-march=x86-64' '-dumpdir' 'cmTC_e5d41.'
 /usr/libexec/gcc/x86_64-redsoft-linux/12/collect2 -plugin /usr/libexec/gcc/x86_64-redsoft-linux/12/liblto_plugin.so -plugin-opt=/usr/libexec/gcc/x86_64-redsoft-linux/12/lto-wrapper -plugin-opt=-fresolution=/tmp/ccRffOrx.res -plugin-opt=-pass-through=-lgcc -plugin-opt=-pass-through=-lgcc_s -plugin-opt=-pass-through=-lc -plugin-opt=-pass-through=-lgcc -plugin-opt=-pass-through=-lgcc_s --build-id --no-add-needed --eh-frame-hdr --hash-style=gnu -m elf_x86_64 -dynamic-linker /lib64/ld-linux-x86-64.so.2 -o cmTC_e5d41 /usr/lib/gcc/x86_64-redsoft-linux/12/../../../../lib64/crt1.o /usr/lib/gcc/x86_64-redsoft-linux/12/../../../../lib64/crti.o /usr/lib/gcc/x86_64-redsoft-linux/12/crtbegin.o -L/usr/lib/gcc/x86_64-redsoft-linux/12 -L/usr/lib/gcc/x86_64-redsoft-linux/12/../../../../lib64 -L/lib/../lib64 -L/usr/lib/../lib64 -L/usr/lib/gcc/x86_64-redsoft-linux/12/../../.. CMakeFiles/cmTC_e5d41.dir/CMakeCCompilerABI.c.o -lgcc --push-state --as-needed -lgcc_s --pop-state -lc -lgcc --push-state --as-needed -lgcc_s --pop-state /usr/lib/gcc/x86_64-redsoft-linux/12/crtend.o /usr/lib/gcc/x86_64-redsoft-linux/12/../../../../lib64/crtn.o
COLLECT_GCC_OPTIONS='-v' '-o' 'cmTC_e5d41' '-mtune=generic' '-march=x86-64' '-dumpdir' 'cmTC_e5d41.'
gmake[1]: Leaving directory '/home/user/project/GromovStudy/DZ_7/build/CMakeFiles/CMakeScratch/TryCompile-3FTC7C'



Parsed C implicit include dir info from above output: rv=done
  found start of include info
  found start of implicit include info
    add: [/usr/lib/gcc/x86_64-redsoft-linux/12/include]
    add: [/usr/local/include]
    add: [/usr/include]
  end of search list found
  collapse include dir [/usr/lib/gcc/x86_64-redsoft-linux/12/include] ==> [/usr/lib/gcc/x86_64-redsoft-linux/12/include]
  collapse include dir [/usr/local/include] ==> [/usr/local/include]
  collapse include dir [/usr/include] ==> [/usr/include]
  implicit include dirs: [/usr/lib/gcc/x86_64-redsoft-linux/12/include;/usr/local/include;/usr/include]


Parsed C implicit link information from above output:
  link line regex: [^( *|.*[/\])(ld|CMAKE_LINK_STARTFILE-NOTFOUND|([^/\]+-)?ld|collect2)[^/\]*( |$)]
  ignore line: [Change Dir: /home/user/project/GromovStudy/DZ_7/build/CMakeFiles/CMakeScratch/TryCompile-3FTC7C]
  ignore line: []
  ignore line: [Run Build Command(s):/usr/bin/gmake -f Makefile cmTC_e5d41/fast && /usr/bin/gmake  -f CMakeFiles/cmTC_e5d41.dir/build.make CMakeFiles/cmTC_e5d41.dir/build]
  ignore line: [gmake[1]: Entering directory '/home/user/project/GromovStudy/DZ_7/build/CMakeFiles/CMakeScratch/TryCompile-3FTC7C']
  ignore line: [Building C object CMakeFiles/cmTC_e5d41.dir/CMakeCCompilerABI.c.o]
  ignore line: [/usr/lib64/ccache/cc   -v -o CMakeFiles/cmTC_e5d41.dir/CMakeCCompilerABI.c.o -c /usr/share/cmake/Modules/CMakeCCompilerABI.c]
  ignore line: [Using built-in specs.]
  ignore line: [COLLECT_GCC=/usr/bin/cc]
  ignore line: [OFFLOAD_TARGET_NAMES=nvptx-none]
  ignore line: [OFFLOAD_TARGET_DEFAULT=1]
  ignore line: [Target: x86_64-redsoft-linux]
  ignore line: [Configured with: ../configure --enable-bootstrap --enable-languages=c c++ fortran objc obj-c++ ada go d lto --prefix=/usr --mandir=/usr/share/man --infodir=/usr/share/info --with-bugurl=http://bugzilla.redhat.com/bugzilla --enable-shared --enable-threads=posix --enable-checking=release --enable-multilib --with-system-zlib --enable-__cxa_atexit --disable-libunwind-exceptions --enable-gnu-unique-object --enable-linker-build-id --with-gcc-major-version-only --enable-libstdcxx-backtrace --with-linker-hash-style=gnu --enable-plugin --enable-initfini-array --with-isl=/builddir/build/BUILD/gcc-12.2.1-20221121/obj-x86_64-redsoft-linux/isl-install --enable-offload-targets=nvptx-none --without-cuda-driver --enable-offload-defaulted --enable-gnu-indirect-function --enable-cet --with-tune=generic --with-arch_32=i686 --build=x86_64-redsoft-linux --with-build-config=bootstrap-lto --enable-link-serialization=1]
  ignore line: [Thread model: posix]
  ignore line: [Supported LTO compression algorithms: zlib zstd]
  ignore line: [gcc version 12.2.1 20221121 (RED SOFT 12.2.1-3) (GCC) ]
  ignore line: [COLLECT_GCC_OPTIONS='-fdiagnostics-color=always' '-v' '-c' '-o' 'CMakeFiles/cmTC_c78ef.dir/CMakeCCompilerABI.c.o' '-mtune=generic' '-march=x86-64' '-dumpdir' 'CMakeFiles/cmTC_c78ef.dir/']
  ignore line: [ /usr/libexec/gcc/x86_64-redsoft-linux/12/cc1 -quiet -v /usr/share/cmake/Modules/CMakeCCompilerABI.c -quiet -dumpdir CMakeFiles/cmTC_c78ef.dir/ -dumpbase CMakeCCompilerABI.c.c -dumpbase-ext .c -mtune=generic -march=x86-64 -version -fdiagnostics-color=always -o /tmp/ccDkhn96.s]
  ignore line: [GNU C17 (GCC) version 12.2.1 20221121 (RED SOFT 12.2.1-3) (x86_64-redsoft-linux)]
  ignore line: [	compiled by GNU C version 12.2.1 20221121 (RED SOFT 12.2.1-3)  GMP version 6.2.1  MPFR version 4.1.0-p13  MPC version 1.2.1  isl version isl-0.24-GMP]
  ignore line: []
  ignore line: [GGC heuristics: --param ggc-min-expand=100 --param ggc-min-heapsize=131072]
  ignore line: [ignoring nonexistent directory "/usr/lib/gcc/x86_64-redsoft-linux/12/include-fixed"]
  ignore line: [ignoring nonexistent directory "/usr/lib/gcc/x86_64-redsoft-linux/12/../../../../x86_64-redsoft-linux/include"]
  ignore line: [#include "..." search starts here:]
  ignore line: [#include <...> search starts here:]
  ignore line: [ /usr/lib/gcc/x86_64-redsoft-linux/12/include]
  ignore line: [ /usr/local/include]
  ignore line: [ /usr/include]
  ignore line: [End of search list.]
  ignore line: [GNU C17 (GCC) version 12.2.1 20221121 (RED SOFT 12.2.1-3) (x86_64-redsoft-linux)]
  ignore line: [	compiled by GNU C version 12.2.1 20221121 (RED SOFT 12.2.1-3)  GMP version 6.2.1  MPFR version 4.1.0-p13  MPC version 1.2.1  isl version isl-0.24-GMP]
  ignore line: []
  ignore line: [GGC heuristics: --param ggc-min-expand=100 --param ggc-min-heapsize=131072]
  ignore line: [Compiler executable checksum: ad3e9706675f5e40ff998da1ae060691]
  ignore line: [COLLECT_GCC_OPTIONS='-fdiagnostics-color=always' '-v' '-c' '-o' 'CMakeFiles/cmTC_c78ef.dir/CMakeCCompilerABI.c.o' '-mtune=generic' '-march=x86-64' '-dumpdir' 'CMakeFiles/cmTC_c78ef.dir/']
  ignore line: [ as -v --64 -o CMakeFiles/cmTC_c78ef.dir/CMakeCCompilerABI.c.o /tmp/ccDkhn96.s]
  ignore line: [GNU assembler version 2.39 (x86_64-redsoft-linux) using BFD version version 2.39-2.red80]
  ignore line: [COMPILER_PATH=/usr/libexec/gcc/x86_64-redsoft-linux/12/:/usr/libexec/gcc/x86_64-redsoft-linux/12/:/usr/libexec/gcc/x86_64-redsoft-linux/:/usr/lib/gcc/x86_64-redsoft-linux/12/:/usr/lib/gcc/x86_64-redsoft-linux/]
  ignore line: [LIBRARY_PATH=/usr/lib/gcc/x86_64-redsoft-linux/12/:/usr/lib/gcc/x86_64-redsoft-linux/12/../../../../lib64/:/lib/../lib64/:/usr/lib/../lib64/:/usr/lib/gcc/x86_64-redsoft-linux/12/../../../:/lib/:/usr/lib/]
  ignore line: [COLLECT_GCC_OPTIONS='-fdiagnostics-color=always' '-v' '-c' '-o' 'CMakeFiles/cmTC_c78ef.dir/CMakeCCompilerABI.c.o' '-mtune=generic' '-march=x86-64' '-dumpdir' 'CMakeFiles/cmTC_c78ef.dir/CMakeCCompilerABI.c.']
  ignore line: [Linking C executable cmTC_e5d41]
  ignore line: [/usr/bin/cmake -E cmake_link_script CMakeFiles/cmTC_e5d41.dir/link.txt --verbose=1]
  ignore line: [/usr/lib64/ccache/cc  -v CMakeFiles/cmTC_e5d41.dir/CMakeCCompilerABI.c.o -o cmTC_e5d41 ]
  ignore line: [Using built-in specs.]
  ignore line: [COLLECT_GCC=/usr/bin/cc]
  ignore line: [COLLECT_LTO_WRAPPER=/usr/libexec/gcc/x86_64-redsoft-linux/12/lto-wrapper]
  ignore line: [OFFLOAD_TARGET_NAMES=nvptx-none]
  ignore line: [OFFLOAD_TARGET_DEFAULT=1]
  ignore line: [Target: x86_64-redsoft-linux]
  ignore line: [Configured with: ../configure --enable-bootstrap --enable-languages=c c++ fortran objc obj-c++ ada go d lto --prefix=/usr --mandir=/usr/share/man --infodir=/usr/share/info --with-bugurl=http://bugzilla.redhat.com/bugzilla --enable-shared --enable-threads=posix --enable-checking=release --enable-multilib --with-system-zlib --enable-__cxa_atexit --disable-libunwind-exceptions --enable-gnu-unique-object --enable-linker-build-id --with-gcc-major-version-only --enable-libstdcxx-backtrace --with-linker-hash-style=gnu --enable-plugin --enable-initfini-array --with-isl=/builddir/build/BUILD/gcc-12.2.1-20221121/obj-x86_64-redsoft-linux/isl-install --enable-offload-targets=nvptx-none --without-cuda-driver --enable-offload-defaulted --enable-gnu-indirect-function --enable-cet --with-tune=generic --with-arch_32=i686 --build=x86_64-redsoft-linux --with-build-config=bootstrap-lto --enable-link-serialization=1]
  ignore line: [Thread model: posix]
  ignore line: [Supported LTO compression algorithms: zlib zstd]
  ignore line: [gcc version 12.2.1 20221121 (RED SOFT 12.2.1-3) (GCC) ]
  ignore line: [COMPILER_PATH=/usr/libexec/gcc/x86_64-redsoft-linux/12/:/usr/libexec/gcc/x86_64-redsoft-linux/12/:/usr/libexec/gcc/x86_64-redsoft-linux/:/usr/lib/gcc/x86_64-redsoft-linux/12/:/usr/lib/gcc/x86_64-redsoft-linux/]
  ignore line: [LIBRARY_PATH=/usr/lib/gcc/x86_64-redsoft-linux/12/:/usr/lib/gcc/x86_64-redsoft-linux/12/../../../../lib64/:/lib/../lib64/:/usr/lib/../lib64/:/usr/lib/gcc/x86_64-redsoft-linux/12/../../../:/lib/:/usr/lib/]
  ignore line: [COLLECT_GCC_OPTIONS='-v' '-o' 'cmTC_e5d41' '-mtune=generic' '-march=x86-64' '-dumpdir' 'cmTC_e5d41.']
  link line: [ /usr/libexec/gcc/x86_64-redsoft-linux/12/collect2 -plugin /usr/libexec/gcc/x86_64-redsoft-linux/12/liblto_plugin.so -plugin-opt=/usr/libexec/gcc/x86_64-redsoft-linux/12/lto-wrapper -plugin-opt=-fresolution=/tmp/ccRffOrx.res -plugin-opt=-pass-through=-lgcc -plugin-opt=-pass-through=-lgcc_s -plugin-opt=-pass-through=-lc -plugin-opt=-pass-through=-lgcc -plugin-opt=-pass-through=-lgcc_s --build-id --no-add-needed --eh-frame-hdr --hash-style=gnu -m elf_x86_64 -dynamic-linker /lib64/ld-linux-x86-64.so.2 -o cmTC_e5d41 /usr/lib/gcc/x86_64-redsoft-linux/12/../../../../lib64/crt1.o /usr/lib/gcc/x86_64-redsoft-linux/12/../../../../lib64/crti.o /usr/lib/gcc/x86_64-redsoft-linux/12/crtbegin.o -L/usr/lib/gcc/x86_64-redsoft-linux/12 -L/usr/lib/gcc/x86_64-redsoft-linux/12/../../../../lib64 -L/lib/../lib64 -L/usr/lib/../lib64 -L/usr/lib/gcc/x86_64-redsoft-linux/12/../../.. CMakeFiles/cmTC_e5d41.dir/CMakeCCompilerABI.c.o -lgcc --push-state --as-needed -lgcc_s --pop-state -lc -lgcc --push-state --as-needed -lgcc_s --pop-state /usr/lib/gcc/x86_64-redsoft-linux/12/crtend.o /usr/lib/gcc/x86_64-redsoft-linux/12/../../../../lib64/crtn.o]
    arg [/usr/libexec/gcc/x86_64-redsoft-linux/12/collect2] ==> ignore
    arg [-plugin] ==> ignore
    arg [/usr/libexec/gcc/x86_64-redsoft-linux/12/liblto_plugin.so] ==> ignore
    arg [-plugin-opt=/usr/libexec/gcc/x86_64-redsoft-linux/12/lto-wrapper] ==> ignore
    arg [-plugin-opt=-fresolution=/tmp/ccRffOrx.res] ==> ignore
    arg [-plugin-opt=-pass-through=-lgcc] ==> ignore
    arg [-plugin-opt=-pass-through=-lgcc_s] ==> ignore
    arg [-plugin-opt=-pass-through=-lc] ==> ignore
    arg [-plugin-opt=-pass-through=-lgcc] ==> ignore
    arg [-plugin-opt=-pass-through=-lgcc_s] ==> ignore
    arg [--build-id] ==> ignore
    arg [--no-add-needed] ==> ignore
    arg [--eh-frame-hdr] ==> ignore
    arg [--hash-style=gnu] ==> ignore
    arg [-m] ==> ignore
    arg [elf_x86_64] ==> ignore
    arg [-dynamic-linker] ==> ignore
    arg [/lib64/ld-linux-x86-64.so.2] ==> ignore
    arg [-o] ==> ignore
    arg [cmTC_e5d41] ==> ignore
    arg [/usr/lib/gcc/x86_64-redsoft-linux/12/../../../../lib64/crt1.o] ==> obj [/usr/lib/gcc/x86_64-redsoft-linux/12/../../../../lib64/crt1.o]
    arg [/usr/lib/gcc/x86_64-redsoft-linux/12/../../../../lib64/crti.o] ==> obj [/usr/lib/gcc/x86_64-redsoft-linux/12/../../../../lib64/crti.o]
    arg [/usr/lib/gcc/x86_64-redsoft-linux/12/crtbegin.o] ==> obj [/usr/lib/gcc/x86_64-redsoft-linux/12/crtbegin.o]
    arg [-L/usr/lib/gcc/x86_64-redsoft-linux/12] ==> dir [/usr/lib/gcc/x86_64-redsoft-linux/12]
    arg [-L/usr/lib/gcc/x86_64-redsoft-linux/12/../../../../lib64] ==> dir [/usr/lib/gcc/x86_64-redsoft-linux/12/../../../../lib64]
    arg [-L/lib/../lib64] ==> dir [/lib/../lib64]
    arg [-L/usr/lib/../lib64] ==> dir [/usr/lib/../lib64]
    arg [-L/usr/lib/gcc/x86_64-redsoft-linux/12/../../..] ==> dir [/usr/lib/gcc/x86_64-redsoft-linux/12/../../..]
    arg [CMakeFiles/cmTC_e5d41.dir/CMakeCCompilerABI.c.o] ==> ignore
    arg [-lgcc] ==> lib [gcc]
    arg [--push-state] ==> ignore
    arg [--as-needed] ==> ignore
    arg [-lgcc_s] ==> lib [gcc_s]
    arg [--pop-state] ==> ignore
    arg [-lc] ==> lib [c]
    arg [-lgcc] ==> lib [gcc]
    arg [--push-state] ==> ignore
    arg [--as-needed] ==> ignore
    arg [-lgcc_s] ==> lib [gcc_s]
    arg [--pop-state] ==> ignore
    arg [/usr/lib/gcc/x86_64-redsoft-linux/12/crtend.o] ==> obj [/usr/lib/gcc/x86_64-redsoft-linux/12/crtend.o]
    arg [/usr/lib/gcc/x86_64-redsoft-linux/12/../../../../lib64/crtn.o] ==> obj [/usr/lib/gcc/x86_64-redsoft-linux/12/../../../../lib64/crtn.o]
  collapse obj [/usr/lib/gcc/x86_64-redsoft-linux/12/../../../../lib64/crt1.o] ==> [/usr/lib64/crt1.o]
  collapse obj [/usr/lib/gcc/x86_64-redsoft-linux/12/../../../../lib64/crti.o] ==> [/usr/lib64/crti.o]
  collapse obj [/usr/lib/gcc/x86_64-redsoft-linux/12/../../../../lib64/crtn.o] ==> [/usr/lib64/crtn.o]
  collapse library dir [/usr/lib/gcc/x86_64-redsoft-linux/12] ==> [/usr/lib/gcc/x86_64-redsoft-linux/12]
  collapse library dir [/usr/lib/gcc/x86_64-redsoft-linux/12/../../../../lib64] ==> [/usr/lib64]
  collapse library dir [/lib/../lib64] ==> [/lib64]
  collapse library dir [/usr/lib/../lib64] ==> [/usr/lib64]
  collapse library dir [/usr/lib/gcc/x86_64-redsoft-linux/12/../../..] ==> [/usr/lib]
  implicit libs: [gcc;gcc_s;c;gcc;gcc_s]
  implicit objs: [/usr/lib64/crt1.o;/usr/lib64/crti.o;/usr/lib/gcc/x86_64-redsoft-linux/12/crtbegin.o;/usr/lib/gcc/x86_64-redsoft-linux/12/crtend.o;/usr/lib64/crtn.o]
  implicit dirs: [/usr/lib/gcc/x86_64-redsoft-linux/12;/usr/lib64;/lib64;/usr/lib]
  implicit fwks: []


Detecting CXX compiler ABI info compiled with the following output:
Change Dir: /home/user/project/GromovStudy/DZ_7/build/CMakeFiles/CMakeScratch/TryCompile-iRl6sg

Run Build Command(s):/usr/bin/gmake -f Makefile cmTC_ca5f6/fast && /usr/bin/gmake  -f CMakeFiles/cmTC_ca5f6.dir/build.make CMakeFiles/cmTC_ca5f6.dir/build
gmake[1]: Entering directory '/home/user/project/GromovStudy/DZ_7/build/CMakeFiles/CMakeScratch/TryCompile-iRl6sg'
Building CXX object CMakeFiles/cmTC_ca5f6.dir/CMakeCXXCompilerABI.cpp.o
/usr/lib64/ccache/c++   -v -o CMakeFiles/cmTC_ca5f6.dir/CMakeCXXCompilerABI.cpp.o -c /usr/share/cmake/Modules/CMakeCXXCompilerABI.cpp
Using built-in specs.
COLLECT_GCC=/usr/bin/c++
OFFLOAD_TARGET_NAMES=nvptx-none
OFFLOAD_TARGET_DEFAULT=1
Target: x86_64-redsoft-linux
Configured with: ../configure --enable-bootstrap --enable-languages=c,c++,fortran,objc,obj-c++,ada,go,d,lto --prefix=/usr --mandir=/usr/share/man --infodir=/usr/share/info --with-bugurl=http://bugzilla.redhat.com/bugzilla --enable-shared --enable-threads=posix --enable-checking=release --enable-multilib --with-system-zlib --enable-__cxa_atexit --disable-libunwind-exceptions --enable-gnu-unique-object --enable-linker-build-id --with-gcc-major-version-only --enable-libstdcxx-backtrace --with-linker-hash-style=gnu --enable-plugin --enable-initfini-array --with-isl=/builddir/build/BUILD/gcc-12.2.1-20221121/obj-x86_64-redsoft-linux/isl-install --enable-offload-targets=nvptx-none --without-cuda-driver --enable-offload-defaulted --enable-gnu-indirect-function --enable-cet --with-tune=generic --with-arch_32=i686 --build=x86_64-redsoft-linux --with-build-config=bootstrap-lto --enable-link-serialization=1
Thread model: posix
Supported LTO compression algorithms: zlib zstd
gcc version 12.2.1 20221121 (RED SOFT 12.2.1-3) (GCC) 
COLLECT_GCC_OPTIONS='-v' '-c' '-o' 'CMakeFiles/cmTC_f013f.dir/CMakeCXXCompilerABI.cpp.o' '-shared-libgcc' '-mtune=generic' '-march=x86-64' '-dumpdir' 'CMakeFiles/cmTC_f013f.dir/'
 /usr/libexec/gcc/x86_64-redsoft-linux/12/cc1plus -quiet -v -D_GNU_SOURCE /usr/share/cmake/Modules/CMakeCXXCompilerABI.cpp -quiet -dumpdir CMakeFiles/cmTC_f013f.dir/ -dumpbase CMakeCXXCompilerABI.cpp.cpp -dumpbase-ext .cpp -mtune=generic -march=x86-64 -version -o /tmp/ccGxjWZ9.s
GNU C++17 (GCC) version 12.2.1 20221121 (RED SOFT 12.2.1-3) (x86_64-redsoft-linux)
	compiled by GNU C version 12.2.1 20221121 (RED SOFT 12.2.1-3), GMP version 6.2.1, MPFR version 4.1.0-p13, MPC version 1.2.1, isl version isl-0.24-GMP

GGC heuristics: --param ggc-min-expand=100 --param ggc-min-heapsize=131072
ignoring nonexistent directory "/usr/lib/gcc/x86_64-redsoft-linux/12/include-fixed"
ignoring nonexistent directory "/usr/lib/gcc/x86_64-redsoft-linux/12/../../../../x86_64-redsoft-linux/include"
#include "..." search starts here:
#include <...> search starts here:
 /usr/lib/gcc/x86_64-redsoft-linux/12/../../../../include/c++/12
 /usr/lib/gcc/x86_64-redsoft-linux/12/../../../../include/c++/12/x86_64-redsoft-linux
 /usr/lib/gcc/x86_64-redsoft-linux/12/../../../../include/c++/12/backward
 /usr/lib/gcc/x86_64-redsoft-linux/12/include
 /usr/local/include
 /usr/include
End of search list.
GNU C++17 (GCC) version 12.2.1 20221121 (RED SOFT 12.2.1-3) (x86_64-redsoft-linux)
	compiled by GNU C version 12.2.1 20221121 (RED SOFT 12.2.1-3), GMP version 6.2.1, MPFR version 4.1.0-p13, MPC version 1.2.1, isl version isl-0.24-GMP

GGC heuristics: --param ggc-min-expand=100 --param ggc-min-heapsize=131072
Compiler executable checksum: c190444c60d00d80e8d856fcfa2eb479
COLLECT_GCC_OPTIONS='-v' '-c' '-o' 'CMakeFiles/cmTC_f013f.dir/CMakeCXXCompilerABI.cpp.o' '-shared-libgcc' '-mtune=generic' '-march=x86-64' '-dumpdir' 'CMakeFiles/cmTC_f013f.dir/'
 as -v --64 -o CMakeFiles/cmTC_f013f.dir/CMakeCXXCompilerABI.cpp.o /tmp/ccGxjWZ9.s
GNU assembler version 2.39 (x86_64-redsoft-linux) using BFD version version 2.39-2.red80
COMPILER_PATH=/usr/libexec/gcc/x86_64-redsoft-linux/12/:/usr/libexec/gcc/x86_64-redsoft-linux/12/:/usr/libexec/gcc/x86_64-redsoft-linux/:/usr/lib/gcc/x86_64-redsoft-linux/12/:/usr/lib/gcc/x86_64-redsoft-linux/
LIBRARY_PATH=/usr/lib/gcc/x86_64-redsoft-linux/12/:/usr/lib/gcc/x86_64-redsoft-linux/12/../../../../lib64/:/lib/../lib64/:/usr/lib/../lib64/:/usr/lib/gcc/x86_64-redsoft-linux/12/../../../:/lib/:/usr/lib/
COLLECT_GCC_OPTIONS='-v' '-c' '-o' 'CMakeFiles/cmTC_f013f.dir/CMakeCXXCompilerABI.cpp.o' '-shared-libgcc' '-mtune=generic' '-march=x86-64' '-dumpdir' 'CMakeFiles/cmTC_f013f.dir/CMakeCXXCompilerABI.cpp.'
Linking CXX executable cmTC_ca5f6
/usr/bin/cmake -E cmake_link_script CMakeFiles/cmTC_ca5f6.dir/link.txt --verbose=1
/usr/lib64/ccache/c++  -v CMakeFiles/cmTC_ca5f6.dir/CMakeCXXCompilerABI.cpp.o -o cmTC_ca5f6 
Using built-in specs.
COLLECT_GCC=/usr/bin/c++
COLLECT_LTO_WRAPPER=/usr/libexec/gcc/x86_64-redsoft-linux/12/lto-wrapper
OFFLOAD_TARGET_NAMES=nvptx-none
OFFLOAD_TARGET_DEFAULT=1
Target: x86_64-redsoft-linux
Configured with: ../configure --enable-bootstrap --enable-languages=c,c++,fortran,objc,obj-c++,ada,go,d,lto --prefix=/usr --mandir=/usr/share/man --infodir=/usr/share/info --with-bugurl=http://bugzilla.redhat.com/bugzilla --enable-shared --enable-threads=posix --enable-checking=release --enable-multilib --with-system-zlib --enable-__cxa_atexit --disable-libunwind-exceptions --enable-gnu-unique-object --enable-linker-build-id --with-gcc-major-version-only --enable-libstdcxx-backtrace --with-linker-hash-style=gnu --enable-plugin --enable-initfini-array --with-isl=/builddir/build/BUILD/gcc-12.2.1-20221121/obj-x86_64-redsoft-linux/isl-install --enable-offload-targets=nvptx-none --without-cuda-driver --enable-offload-defaulted --enable-gnu-indirect-function --enable-cet --with-tune=generic --with-arch_32=i686 --build=x86_64-redsoft-linux --with-build-config=bootstrap-lto --enable-link-serialization=1
Thread model: posix
Supported LTO compression algorithms: zlib zstd
gcc version 12.2.1 20221121 (RED SOFT 12.2.1-3) (GCC) 
COMPILER_PATH=/usr/libexec/gcc/x86_64-redsoft-linux/12/:/usr/libexec/gcc/x86_64-redsoft-linux/12/:/usr/libexec/gcc/x86_64-redsoft-linux/:/usr/lib/gcc/x86_64-redsoft-linux/12/:/usr/lib/gcc/x86_64-redsoft-linux/
LIBRARY_PATH=/usr/lib/gcc/x86_64-redsoft-linux/12/:/usr/lib/gcc/x86_64-redsoft-linux/12/../../../../lib64/:/lib/../lib64/:/usr/lib/../lib64/:/usr/lib/gcc/x86_64-redsoft-linux/12/../../../:/lib/:/usr/lib/
COLLECT_GCC_OPTIONS='-v' '-o' 'cmTC_ca5f6' '-shared-libgcc' '-mtune=generic' '-march=x86-64' '-dumpdir' 'cmTC_ca5f6.'
 /usr/libexec/gcc/x86_64-redsoft-linux/12/collect2 -plugin /usr/libexec/gcc/x86_64-redsoft-linux/12/liblto_plugin.so -plugin-opt=/usr/libexec/gcc/x86_64-redsoft-linux/12/lto-wrapper -plugin-opt=-fresolution=/tmp/cc6sHJXe.res -plugin-opt=-pass-through=-lgcc_s -plugin-opt=-pass-through=-lgcc -plugin-opt=-pass-through=-lc -plugin-opt=-pass-through=-lgcc_s -plugin-opt=-pass-through=-lgcc --build-id --no-add-needed --eh-frame-hdr --hash-style=gnu -m elf_x86_64 -dynamic-linker /lib64/ld-linux-x86-64.so.2 -o cmTC_ca5f6 /usr/lib/gcc/x86_64-redsoft-linux/12/../../../../lib64/crt1.o /usr/lib/gcc/x86_64-redsoft-linux/12/../../../../lib64/crti.o /usr/lib/gcc/x86_64-redsoft-linux/12/crtbegin.o -L/usr/lib/gcc/x86_64-redsoft-linux/12 -L/usr/lib/gcc/x86_64-redsoft-linux/12/../../../../lib64 -L/lib/../lib64 -L/usr/lib/../lib64 -L/usr/lib/gcc/x86_64-redsoft-linux/12/../../.. CMakeFiles/cmTC_ca5f6.dir/CMakeCXXCompilerABI.cpp.o -lstdc++ -lm -lgcc_s -lgcc -lc -lgcc_s -lgcc /usr/lib/gcc/x86_64-redsoft-linux/12/crtend.o /usr/lib/gcc/x86_64-redsoft-linux/12/../../../../lib64/crtn.o
COLLECT_GCC_OPTIONS='-v' '-o' 'cmTC_ca5f6' '-shared-libgcc' '-mtune=generic' '-march=x86-64' '-dumpdir' 'cmTC_ca5f6.'
gmake[1]: Leaving directory '/home/user/project/GromovStudy/DZ_7/build/CMakeFiles/CMakeScratch/TryCompile-iRl6sg'



Parsed CXX implicit include dir info from above output: rv=done
  found start of include info
  found start of implicit include info
    add: [/usr/lib/gcc/x86_64-redsoft-linux/12/../../../../include/c++/12]
    add: [/usr/lib/gcc/x86_64-redsoft-linux/12/../../../../include/c++/12/x86_64-redsoft-linux]
    add: [/usr/lib/gcc/x86_64-redsoft-linux/12/../../../../include/c++/12/backward]
    add: [/usr/lib/gcc/x86_64-redsoft-linux/12/include]
    add: [/usr/local/include]
    add: [/usr/include]
  end of search list found
  collapse include dir [/usr/lib/gcc/x86_64-redsoft-linux/12/../../../../include/c++/12] ==> [/usr/include/c++/12]
  collapse include dir [/usr/lib/gcc/x86_64-redsoft-linux/12/../../../../include/c++/12/x86_64-redsoft-linux] ==> [/usr/include/c++/12/x86_64-redsoft-linux]
  collapse include dir [/usr/lib/gcc/x86_64-redsoft-linux/12/../../../../include/c++/12/backward] ==> [/usr/include/c++/12/backward]
  collapse include dir [/usr/lib/gcc/x86_64-redsoft-linux/12/include] ==> [/usr/lib/gcc/x86_64-redsoft-linux/12/include]
  collapse include dir [/usr/local/include] ==> [/usr/local/include]
  collapse include dir [/usr/include] ==> [/usr/include]
  implicit include dirs: [/usr/include/c++/12;/usr/include/c++/12/x86_64-redsoft-linux;/usr/include/c++/12/backward;/usr/lib/gcc/x86_64-redsoft-linux/12/include;/usr/local/include;/usr/include]


Parsed CXX implicit link information from above output:
  link line regex: [^( *|.*[/\])(ld|CMAKE_LINK_STARTFILE-NOTFOUND|([^/\]+-)?ld|collect2)[^/\]*( |$)]
  ignore line: [Change Dir: /home/user/project/GromovStudy/DZ_7/build/CMakeFiles/CMakeScratch/TryCompile-iRl6sg]
  ignore line: []
  ignore line: [Run Build Command(s):/usr/bin/gmake -f Makefile cmTC_ca5f6/fast && /usr/bin/gmake  -f CMakeFiles/cmTC_ca5f6.dir/build.make CMakeFiles/cmTC_ca5f6.dir/build]
  ignore line: [gmake[1]: Entering directory '/home/user/project/GromovStudy/DZ_7/build/CMakeFiles/CMakeScratch/TryCompile-iRl6sg']
  ignore line: [Building CXX object CMakeFiles/cmTC_ca5f6.dir/CMakeCXXCompilerABI.cpp.o]
  ignore line: [/usr/lib64/ccache/c++   -v -o CMakeFiles/cmTC_ca5f6.dir/CMakeCXXCompilerABI.cpp.o -c /usr/share/cmake/Modules/CMakeCXXCompilerABI.cpp]
  ignore line: [Using built-in specs.]
  ignore line: [COLLECT_GCC=/usr/bin/c++]
  ignore line: [OFFLOAD_TARGET_NAMES=nvptx-none]
  ignore line: [OFFLOAD_TARGET_DEFAULT=1]
  ignore line: [Target: x86_64-redsoft-linux]
  ignore line: [Configured with: ../configure --enable-bootstrap --enable-languages=c c++ fortran objc obj-c++ ada go d lto --prefix=/usr --mandir=/usr/share/man --infodir=/usr/share/info --with-bugurl=http://bugzilla.redhat.com/bugzilla --enable-shared --enable-threads=posix --enable-checking=release --enable-multilib --with-system-zlib --enable-__cxa_atexit --disable-libunwind-exceptions --enable-gnu-unique-object --enable-linker-build-id --with-gcc-major-version-only --enable-libstdcxx-backtrace --with-linker-hash-style=gnu --enable-plugin --enable-initfini-array --with-isl=/builddir/build/BUILD/gcc-12.2.1-20221121/obj-x86_64-redsoft-linux/isl-install --enable-offload-targets=nvptx-none --without-cuda-driver --enable-offload-defaulted --enable-gnu-indirect-function --enable-cet --with-tune=generic --with-arch_32=i686 --build=x86_64-redsoft-linux --with-build-config=bootstrap-lto --enable-link-serialization=1]
  ignore line: [Thread model: posix]
  ignore line: [Supported LTO compression algorithms: zlib zstd]
  ignore line: [gcc version 12.2.1 20221121 (RED SOFT 12.2.1-3) (GCC) ]
  ignore line: [COLLECT_GCC_OPTIONS='-v' '-c' '-o' 'CMakeFiles/cmTC_f013f.dir/CMakeCXXCompilerABI.cpp.o' '-shared-libgcc' '-mtune=generic' '-march=x86-64' '-dumpdir' 'CMakeFiles/cmTC_f013f.dir/']
  ignore line: [ /usr/libexec/gcc/x86_64-redsoft-linux/12/cc1plus -quiet -v -D_GNU_SOURCE /usr/share/cmake/Modules/CMakeCXXCompilerABI.cpp -quiet -dumpdir CMakeFiles/cmTC_f013f.dir/ -dumpbase CMakeCXXCompilerABI.cpp.cpp -dumpbase-ext .cpp -mtune=generic -march=x86-64 -version -o /tmp/ccGxjWZ9.s]
  ignore line: [GNU C++17 (GCC) version 12.2.1 20221121 (RED SOFT 12.2.1-3) (x86_64-redsoft-linux)]
  ignore line: [	compiled by GNU C version 12.2.1 20221121 (RED SOFT 12.2.1-3)  GMP version 6.2.1  MPFR version 4.1.0-p13  MPC version 1.2.1  isl version isl-0.24-GMP]
  ignore line: []
  ignore line: [GGC heuristics: --param ggc-min-expand=100 --param ggc-min-heapsize=131072]
  ignore line: [ignoring nonexistent directory "/usr/lib/gcc/x86_64-redsoft-linux/12/include-fixed"]
  ignore line: [ignoring nonexistent directory "/usr/lib/gcc/x86_64-redsoft-linux/12/../../../../x86_64-redsoft-linux/include"]
  ignore line: [#include "..." search starts here:]
  ignore line: [#include <...> search starts here:]
  ignore line: [ /usr/lib/gcc/x86_64-redsoft-linux/12/../../../../include/c++/12]
  ignore line: [ /usr/lib/gcc/x86_64-redsoft-linux/12/../../../../include/c++/12/x86_64-redsoft-linux]
  ignore line: [ /usr/lib/gcc/x86_64-redsoft-linux/12/../../../../include/c++/12/backward]
  ignore line: [ /usr/lib/gcc/x86_64-redsoft-linux/12/include]
  ignore line: [ /usr/local/include]
  ignore line: [ /usr/include]
  ignore line: [End of search list.]
  ignore line: [GNU C++17 (GCC) version 12.2.1 20221121 (RED SOFT 12.2.1-3) (x86_64-redsoft-linux)]
  ignore line: [	compiled by GNU C version 12.2.1 20221121 (RED SOFT 12.2.1-3)  GMP version 6.2.1  MPFR version 4.1.0-p13  MPC version 1.2.1  isl version isl-0.24-GMP]
  ignore line: []
  ignore line: [GGC heuristics: --param ggc-min-expand=100 --param ggc-min-heapsize=131072]
  ignore line: [Compiler executable checksum: c190444c60d00d80e8d856fcfa2eb479]
  ignore line: [COLLECT_GCC_OPTIONS='-v' '-c' '-o' 'CMakeFiles/cmTC_f013f.dir/CMakeCXXCompilerABI.cpp.o' '-shared-libgcc' '-mtune=generic' '-march=x86-64' '-dumpdir' 'CMakeFiles/cmTC_f013f.dir/']
  ignore line: [ as -v --64 -o CMakeFiles/cmTC_f013f.dir/CMakeCXXCompilerABI.cpp.o /tmp/ccGxjWZ9.s]
  ignore line: [GNU assembler version 2.39 (x86_64-redsoft-linux) using BFD version version 2.39-2.red80]
  ignore line: [COMPILER_PATH=/usr/libexec/gcc/x86_64-redsoft-linux/12/:/usr/libexec/gcc/x86_64-redsoft-linux/12/:/usr/libexec/gcc/x86_64-redsoft-linux/:/usr/lib/gcc/x86_64-redsoft-linux/12/:/usr/lib/gcc/x86_64-redsoft-linux/]
  ignore line: [LIBRARY_PATH=/usr/lib/gcc/x86_64-redsoft-linux/12/:/usr/lib/gcc/x86_64-redsoft-linux/12/../../../../lib64/:/lib/../lib64/:/usr/lib/../lib64/:/usr/lib/gcc/x86_64-redsoft-linux/12/../../../:/lib/:/usr/lib/]
  ignore line: [COLLECT_GCC_OPTIONS='-v' '-c' '-o' 'CMakeFiles/cmTC_f013f.dir/CMakeCXXCompilerABI.cpp.o' '-shared-libgcc' '-mtune=generic' '-march=x86-64' '-dumpdir' 'CMakeFiles/cmTC_f013f.dir/CMakeCXXCompilerABI.cpp.']
  ignore line: [Linking CXX executable cmTC_ca5f6]
  ignore line: [/usr/bin/cmake -E cmake_link_script CMakeFiles/cmTC_ca5f6.dir/link.txt --verbose=1]
  ignore line: [/usr/lib64/ccache/c++  -v CMakeFiles/cmTC_ca5f6.dir/CMakeCXXCompilerABI.cpp.o -o cmTC_ca5f6 ]
  ignore line: [Using built-in specs.]
  ignore line: [COLLECT_GCC=/usr/bin/c++]
  ignore line: [COLLECT_LTO_WRAPPER=/usr/libexec/gcc/x86_64-redsoft-linux/12/lto-wrapper]
  ignore line: [OFFLOAD_TARGET_NAMES=nvptx-none]
  ignore line: [OFFLOAD_TARGET_DEFAULT=1]
  ignore line: [Target: x86_64-redsoft-linux]
  ignore line: [Configured with: ../configure --enable-bootstrap --enable-languages=c c++ fortran objc obj-c++ ada go d lto --prefix=/usr --mandir=/usr/share/man --infodir=/usr/share/info --with-bugurl=http://bugzilla.redhat.com/bugzilla --enable-shared --enable-threads=posix --enable-checking=release --enable-multilib --with-system-zlib --enable-__cxa_atexit --disable-libunwind-exceptions --enable-gnu-unique-object --enable-linker-build-id --with-gcc-major-version-only --enable-libstdcxx-backtrace --with-linker-hash-style=gnu --enable-plugin --enable-initfini-array --with-isl=/builddir/build/BUILD/gcc-12.2.1-20221121/obj-x86_64-redsoft-linux/isl-install --enable-offload-targets=nvptx-none --without-cuda-driver --enable-offload-defaulted --enable-gnu-indirect-function --enable-cet --with-tune=generic --with-arch_32=i686 --build=x86_64-redsoft-linux --with-build-config=bootstrap-lto --enable-link-serialization=1]
  ignore line: [Thread model: posix]
  ignore line: [Supported LTO compression algorithms: zlib zstd]
  ignore line: [gcc version 12.2.1 20221121 (RED SOFT 12.2.1-3) (GCC) ]
  ignore line: [COMPILER_PATH=/usr/libexec/gcc/x86_64-redsoft-linux/12/:/usr/libexec/gcc/x86_64-redsoft-linux/12/:/usr/libexec/gcc/x86_64-redsoft-linux/:/usr/lib/gcc/x86_64-redsoft-linux/12/:/usr/lib/gcc/x86_64-redsoft-linux/]
  ignore line: [LIBRARY_PATH=/usr/lib/gcc/x86_64-redsoft-linux/12/:/usr/lib/gcc/x86_64-redsoft-linux/12/../../../../lib64/:/lib/../lib64/:/usr/lib/../lib64/:/usr/lib/gcc/x86_64-redsoft-linux/12/../../../:/lib/:/usr/lib/]
  ignore line: [COLLECT_GCC_OPTIONS='-v' '-o' 'cmTC_ca5f6' '-shared-libgcc' '-mtune=generic' '-march=x86-64' '-dumpdir' 'cmTC_ca5f6.']
  link line: [ /usr/libexec/gcc/x86_64-redsoft-linux/12/collect2 -plugin /usr/libexec/gcc/x86_64-redsoft-linux/12/liblto_plugin.so -plugin-opt=/usr/libexec/gcc/x86_64-redsoft-linux/12/lto-wrapper -plugin-opt=-fresolution=/tmp/cc6sHJXe.res -plugin-opt=-pass-through=-lgcc_s -plugin-opt=-pass-through=-lgcc -plugin-opt=-pass-through=-lc -plugin-opt=-pass-through=-lgcc_s -plugin-opt=-pass-through=-lgcc --build-id --no-add-needed --eh-frame-hdr --hash-style=gnu -m elf_x86_64 -dynamic-linker /lib64/ld-linux-x86-64.so.2 -o cmTC_ca5f6 /usr/lib/gcc/x86_64-redsoft-linux/12/../../../../lib64/crt1.o /usr/lib/gcc/x86_64-redsoft-linux/12/../../../../lib64/crti.o /usr/lib/gcc/x86_64-redsoft-linux/12/crtbegin.o -L/usr/lib/gcc/x86_64-redsoft-linux/12 -L/usr/lib/gcc/x86_64-redsoft-linux/12/../../../../lib64 -L/lib/../lib64 -L/usr/lib/../lib64 -L/usr/lib/gcc/x86_64-redsoft-linux/12/../../.. CMakeFiles/cmTC_ca5f6.dir/CMakeCXXCompilerABI.cpp.o -lstdc++ -lm -lgcc_s -lgcc -lc -lgcc_s -lgcc /usr/lib/gcc/x86_64-redsoft-linux/12/crtend.o /usr/lib/gcc/x86_64-redsoft-linux/12/../../../../lib64/crtn.o]
    arg [/usr/libexec/gcc/x86_64-redsoft-linux/12/collect2] ==> ignore
    arg [-plugin] ==> ignore
    arg [/usr/libexec/gcc/x86_64-redsoft-linux/12/liblto_plugin.so] ==> ignore
    arg [-plugin-opt=/usr/libexec/gcc/x86_64-redsoft-linux/12/lto-wrapper] ==> ignore
    arg [-plugin-opt=-fresolution=/tmp/cc6sHJXe.res] ==> ignore
    arg [-plugin-opt=-pass-through=-lgcc_s] ==> ignore
    arg [-plugin-opt=-pass-through=-lgcc] ==> ignore
    arg [-plugin-opt=-pass-through=-lc] ==> ignore
    arg [-plugin-opt=-pass-through=-lgcc_s] ==> ignore
    arg [-plugin-opt=-pass-through=-lgcc] ==> ignore
    arg [--build-id] ==> ignore
    arg [--no-add-needed] ==> ignore
    arg [--eh-frame-hdr] ==> ignore
    arg [--hash-style=gnu] ==> ignore
    arg [-m] ==> ignore
    arg [elf_x86_64] ==> ignore
    arg [-dynamic-linker] ==> ignore
    arg [/lib64/ld-linux-x86-64.so.2] ==> ignore
    arg [-o] ==> ignore
    arg [cmTC_ca5f6] ==> ignore
    arg [/usr/lib/gcc/x86_64-redsoft-linux/12/../../../../lib64/crt1.o] ==> obj [/usr/lib/gcc/x86_64-redsoft-linux/12/../../../../lib64/crt1.o]
    arg [/usr/lib/gcc/x86_64-redsoft-linux/12/../../../../lib64/crti.o] ==> obj [/usr/lib/gcc/x86_64-redsoft-linux/12/../../../../lib64/crti.o]
    arg [/usr/lib/gcc/x86_64-redsoft-linux/12/crtbegin.o] ==> obj [/usr/lib/gcc/x86_64-redsoft-linux/12/crtbegin.o]
    arg [-L/usr/lib/gcc/x86_64-redsoft-linux/12] ==> dir [/usr/lib/gcc/x86_64-redsoft-linux/12]
    arg [-L/usr/lib/gcc/x86_64-redsoft-linux/12/../../../../lib64] ==> dir [/usr/lib/gcc/x86_64-redsoft-linux/12/../../../../lib64]
    arg [-L/lib/../lib64] ==> dir [/lib/../lib64]
    arg [-L/usr/lib/../lib64] ==> dir [/usr/lib/../lib64]
    arg [-L/usr/lib/gcc/x86_64-redsoft-linux/12/../../..] ==> dir [/usr/lib/gcc/x86_64-redsoft-linux/12/../../..]
    arg [CMakeFiles/cmTC_ca5f6.dir/CMakeCXXCompilerABI.cpp.o] ==> ignore
    arg [-lstdc++] ==> lib [stdc++]
    arg [-lm] ==> lib [m]
    arg [-lgcc_s] ==> lib [gcc_s]
    arg [-lgcc] ==> lib [gcc]
    arg [-lc] ==> lib [c]
    arg [-lgcc_s] ==> lib [gcc_s]
    arg [-lgcc] ==> lib [gcc]
    arg [/usr/lib/gcc/x86_64-redsoft-linux/12/crtend.o] ==> obj [/usr/lib/gcc/x86_64-redsoft-linux/12/crtend.o]
    arg [/usr/lib/gcc/x86_64-redsoft-linux/12/../../../../lib64/crtn.o] ==> obj [/usr/lib/gcc/x86_64-redsoft-linux/12/../../../../lib64/crtn.o]
  collapse obj [/usr/lib/gcc/x86_64-redsoft-linux/12/../../../../lib64/crt1.o] ==> [/usr/lib64/crt1.o]
  collapse obj [/usr/lib/gcc/x86_64-redsoft-linux/12/../../../../lib64/crti.o] ==> [/usr/lib64/crti.o]
  collapse obj [/usr/lib/gcc/x86_64-redsoft-linux/12/../../../../lib64/crtn.o] ==> [/usr/lib64/crtn.o]
  collapse library dir [/usr/lib/gcc/x86_64-redsoft-linux/12] ==> [/usr/lib/gcc/x86_64-redsoft-linux/12]
  collapse library dir [/usr/lib/gcc/x86_64-redsoft-linux/12/../../../../lib64] ==> [/usr/lib64]
  collapse library dir [/lib/../lib64] ==> [/lib64]
  collapse library dir [/usr/lib/../lib64] ==> [/usr/lib64]
  collapse library dir [/usr/lib/gcc/x86_64-redsoft-linux/12/../../..] ==> [/usr/lib]
  implicit libs: [stdc++;m;gcc_s;gcc;c;gcc_s;gcc]
  implicit objs: [/usr/lib64/crt1.o;/usr/lib64/crti.o;/usr/lib/gcc/x86_64-redsoft-linux/12/crtbegin.o;/usr/lib/gcc/x86_64-redsoft-linux/12/crtend.o;/usr/lib64/crtn.o]
  implicit dirs: [/usr/lib/gcc/x86_64-redsoft-linux/12;/usr/lib64;/lib64;/usr/lib]
  implicit fwks: []


